<?xml version="1.0" encoding="UTF-8"?>
<testsuite xmlns:xsi="http://www.w3.org/2001/XMLSchema-instance" xsi:noNamespaceSchemaLocation="https://maven.apache.org/surefire/maven-surefire-plugin/xsd/surefire-test-report.xsd" version="3.0.2" name="MainTest" time="0.048" tests="7" errors="0" skipped="0" failures="0">
  <properties>
[...]
</properties>
  <testcase name="tracker_shouldCollectReflectionFromUser" classname="MainTest" time="0.019">
    <system-out><![CDATA[Do you have any particular thoughts today?
]]></system-out>
  </testcase>
  <testcase name="tracker_shouldWaitForValidStressRating" classname="MainTest" time="0.002">
    <system-out><![CDATA[On a scale of 1 to 10, please rate your stress: On a scale of 1 to 10, please rate your stress: On a scale of 1 to 10, please rate your stress: ]]></system-out>
  </testcase>
  <testcase name="tracker_shouldWaitForValidMoodRating" classname="MainTest" time="0.002">
    <system-out><![CDATA[On a scale of 1 to 10, please rate your mood: On a scale of 1 to 10, please rate your mood: On a scale of 1 to 10, please rate your mood: ]]></system-out>
  </testcase>
  <testcase name="tracker_shouldAllowEmptyReflection" classname="MainTest" time="0.002">
    <system-out><![CDATA[Do you have any particular thoughts today?
]]></system-out>
  </testcase>
  <testcase name="tracker_shouldCollectMoodRatingFromUser" classname="MainTest" time="0.003">
    <system-out><![CDATA[On a scale of 1 to 10, please rate your mood: ]]></system-out>
  </testcase>
  <testcase name="tracker_shouldGreetTheUser" classname="MainTest" time="0.001"/>
  <testcase name="tracker_shouldCollectStressRatingFromUser" classname="MainTest" time="0.001">
    <system-out><![CDATA[On a scale of 1 to 10, please rate your stress: ]]></system-out>
  </testcase>
</testsuite>